<?xml version="1.0" encoding="UTF-8"?>
<testng-results skipped="0" failed="0" total="1" passed="1">
  <reporter-output>
  </reporter-output>
  <suite name="Default suite" duration-ms="10202" started-at="2020-06-14T18:55:12Z" finished-at="2020-06-14T18:55:22Z">
    <groups>
    </groups>
    <test name="Default test" duration-ms="10202" started-at="2020-06-14T18:55:12Z" finished-at="2020-06-14T18:55:22Z">
      <class name="TestNG.App">
        <test-method status="PASS" signature="launch()[pri:0, instance:TestNG.App@1593948d]" name="launch" is-config="true" duration-ms="8899" started-at="2020-06-15T00:25:12Z" finished-at="2020-06-15T00:25:21Z">
          <reporter-output>
          </reporter-output>
        </test-method> <!-- launch -->
        <test-method status="PASS" signature="test_00()[pri:0, instance:TestNG.App@1593948d]" name="test_00" duration-ms="1241" started-at="2020-06-15T00:25:21Z" finished-at="2020-06-15T00:25:22Z">
          <reporter-output>
          </reporter-output>
        </test-method> <!-- test_00 -->
      </class> <!-- TestNG.App -->
    </test> <!-- Default test -->
  </suite> <!-- Default suite -->
</testng-results>
